Virtual User Script started at: 1/16/2024 10:01:54 PM
Starting action vuser_init.
Web Turbo Replay of LoadRunner 2023.1.0 for Windows 2019; build 406 (Jul 12 2023 09:14:26)  	[MsgId: MMSG-26983]
Run mode: HTML  	[MsgId: MMSG-26993]
Replay user agent: Mozilla/5.0 (Windows NT 10.0; Win64; x64) AppleWebKit/537.36 (KHTML, like Gecko) Chrome/120.0.0.0 Safari/537.36  	[MsgId: MMSG-26988]
Runtime Settings file: "C:\demo\lrc-assets\LRC-AOS-001\\default.cfg"  	[MsgId: MMSG-27141]
Ending action vuser_init.
Running Vuser...
Starting iteration 1.
Maximum number of concurrent connections per server: 6  	[MsgId: MMSG-26989]
Starting action Action.
Action.c(4): web_set_sockets_option started  	[MsgId: MMSG-26355]
Action.c(4): web_set_sockets_option was successful  	[MsgId: MMSG-26392]
Action.c(6): web_add_cookie started  	[MsgId: MMSG-26355]
Action.c(6): web_add_cookie was successful  	[MsgId: MMSG-26392]
Action.c(8): web_add_auto_header("Accept-Language") started  	[MsgId: MMSG-26355]
Action.c(8): web_add_auto_header("Accept-Language") was successful  	[MsgId: MMSG-26392]
Action.c(11): web_add_cookie started  	[MsgId: MMSG-26355]
Action.c(11): web_add_cookie was successful  	[MsgId: MMSG-26392]
Action.c(13): web_add_cookie started  	[MsgId: MMSG-26355]
Action.c(13): web_add_cookie was successful  	[MsgId: MMSG-26392]
Action.c(15): web_add_cookie started  	[MsgId: MMSG-26355]
Action.c(15): web_add_cookie was successful  	[MsgId: MMSG-26392]
Action.c(17): web_add_cookie started  	[MsgId: MMSG-26355]
Action.c(17): web_add_cookie was successful  	[MsgId: MMSG-26392]
Action.c(19): web_add_cookie started  	[MsgId: MMSG-26355]
Action.c(19): web_add_cookie was successful  	[MsgId: MMSG-26392]
Action.c(21): web_url("advantageonlineshopping.com") started  	[MsgId: MMSG-26355]
Action.c(21): Found resource "https://advantageonlineshopping.com/css/main.min.css" in HTML "https://advantageonlineshopping.com/"  	[MsgId: MMSG-26659]
Action.c(21): Found resource "https://www.googletagmanager.com/gtag/js?id=G-TBPYED8WSW" in HTML "https://advantageonlineshopping.com/"  	[MsgId: MMSG-26659]
Action.c(21): Found resource "https://advantageonlineshopping.com/css/images/Down_arrow.svg" in HTML "https://advantageonlineshopping.com/"  	[MsgId: MMSG-26659]
Action.c(21): Found resource "https://advantageonlineshopping.com/vendor/requirejs/require.js" in HTML "https://advantageonlineshopping.com/"  	[MsgId: MMSG-26659]
Action.c(21): Downloading resource "https://advantageonlineshopping.com/main.min.js" (specified by argument number 9)  	[MsgId: MMSG-26576]
Action.c(21): Downloading resource "https://advantageonlineshopping.com/services.properties" (specified by argument number 11)  	[MsgId: MMSG-26576]
Action.c(21): Downloading resource "https://advantageonlineshopping.com/css/images/logo.png" (specified by argument number 13)  	[MsgId: MMSG-26576]
Action.c(21): Downloading resource "https://advantageonlineshopping.com/css/images/closeDark.png" (specified by argument number 15)  	[MsgId: MMSG-26576]
Action.c(21): Downloading resource "https://advantageonlineshopping.com/css/fonts/roboto_regular_macroman/Roboto-Regular-webfont.woff" (specified by argument number 17)  	[MsgId: MMSG-26576]
Action.c(21): Downloading resource "https://advantageonlineshopping.com/css/fonts/roboto_medium_macroman/Roboto-Medium-webfont.woff" (specified by argument number 20)  	[MsgId: MMSG-26576]
Action.c(21): Downloading resource "https://advantageonlineshopping.com/css/fonts/roboto_light_macroman/Roboto-Light-webfont.woff" (specified by argument number 23)  	[MsgId: MMSG-26576]
Action.c(21): Downloading resource "https://advantageonlineshopping.com/css/images/arrow_right.png" (specified by argument number 26)  	[MsgId: MMSG-26576]
Action.c(21): Downloading resource "https://advantageonlineshopping.com/catalog/fetchImage?image_id=tablets" (specified by argument number 29)  	[MsgId: MMSG-26576]
Action.c(21): Downloading resource "https://advantageonlineshopping.com/catalog/fetchImage?image_id=headphones" (specified by argument number 31)  	[MsgId: MMSG-26576]
Action.c(21): Downloading resource "https://advantageonlineshopping.com/catalog/fetchImage?image_id=mice" (specified by argument number 33)  	[MsgId: MMSG-26576]
Action.c(21): Downloading resource "https://advantageonlineshopping.com/catalog/fetchImage?image_id=laptops" (specified by argument number 35)  	[MsgId: MMSG-26576]
Action.c(21): Downloading resource "https://advantageonlineshopping.com/catalog/fetchImage?image_id=speakers" (specified by argument number 37)  	[MsgId: MMSG-26576]
Action.c(21): Downloading resource "https://advantageonlineshopping.com/css/images/Special-offer.jpg" (specified by argument number 39)  	[MsgId: MMSG-26576]
Action.c(21): Downloading resource "https://advantageonlineshopping.com/css/fonts/roboto_bold_macroman/Roboto-Bold-webfont.woff" (specified by argument number 41)  	[MsgId: MMSG-26576]
Action.c(21): Downloading resource "https://advantageonlineshopping.com/css/fonts/roboto_thin_macroman/Roboto-Thin-webfont.woff" (specified by argument number 44)  	[MsgId: MMSG-26576]
Action.c(21): Downloading resource "https://advantageonlineshopping.com/css/images/facebook.png" (specified by argument number 47)  	[MsgId: MMSG-26576]
Action.c(21): Downloading resource "https://advantageonlineshopping.com/css/images/GoUp.png" (specified by argument number 49)  	[MsgId: MMSG-26576]
Action.c(21): Downloading resource "https://advantageonlineshopping.com/css/images/twitter.png" (specified by argument number 51)  	[MsgId: MMSG-26576]
Action.c(21): Downloading resource "https://advantageonlineshopping.com/css/images/linkedin.png" (specified by argument number 53)  	[MsgId: MMSG-26576]
Action.c(21): Downloading resource "https://advantageonlineshopping.com/css/images/Banner2.jpg" (specified by argument number 55)  	[MsgId: MMSG-26576]
Action.c(21): Downloading resource "https://advantageonlineshopping.com/css/images/Banner1.jpg" (specified by argument number 57)  	[MsgId: MMSG-26576]
Action.c(21): Downloading resource "https://advantageonlineshopping.com/css/images/Banner3.jpg" (specified by argument number 59)  	[MsgId: MMSG-26576]
Action.c(21): Downloading resource "https://advantageonlineshopping.com/css/images/Popular-item3.jpg" (specified by argument number 61)  	[MsgId: MMSG-26576]
Action.c(21): Downloading resource "https://advantageonlineshopping.com/css/images/Popular-item2.jpg" (specified by argument number 63)  	[MsgId: MMSG-26576]
Action.c(21): Downloading resource "https://advantageonlineshopping.com/css/images/Popular-item1.jpg" (specified by argument number 65)  	[MsgId: MMSG-26576]
Action.c(21): Downloading resource "https://advantageonlineshopping.com/css/images/category_banner_4.png" (specified by argument number 67)  	[MsgId: MMSG-26576]
Action.c(21): Downloading resource "https://advantageonlineshopping.com/css/images/Filter.png" (specified by argument number 69)  	[MsgId: MMSG-26576]
Action.c(21): Downloading resource "https://advantageonlineshopping.com/catalog/fetchImage?image_id=4200" (specified by argument number 71)  	[MsgId: MMSG-26576]
Action.c(21): Downloading resource "https://advantageonlineshopping.com/catalog/fetchImage?image_id=4700" (specified by argument number 73)  	[MsgId: MMSG-26576]
Action.c(21): Downloading resource "https://advantageonlineshopping.com/catalog/fetchImage?image_id=4600" (specified by argument number 75)  	[MsgId: MMSG-26576]
Action.c(21): Downloading resource "https://advantageonlineshopping.com/catalog/fetchImage?image_id=4300" (specified by argument number 77)  	[MsgId: MMSG-26576]
Action.c(21): Downloading resource "https://advantageonlineshopping.com/catalog/fetchImage?image_id=4400" (specified by argument number 79)  	[MsgId: MMSG-26576]
Action.c(21): Downloading resource "https://advantageonlineshopping.com/catalog/fetchImage?image_id=4500" (specified by argument number 81)  	[MsgId: MMSG-26576]
Action.c(21): Downloading resource "https://advantageonlineshopping.com/catalog/fetchImage?image_id=4100" (specified by argument number 83)  	[MsgId: MMSG-26576]
Action.c(21): Downloading resource "https://advantageonlineshopping.com/catalog/fetchImage?image_id=4101" (specified by argument number 85)  	[MsgId: MMSG-26576]
Action.c(21): Downloading resource "https://advantageonlineshopping.com/css/images/category_banner_3.png" (specified by argument number 87)  	[MsgId: MMSG-26576]
Action.c(21): Downloading resource "https://advantageonlineshopping.com/catalog/fetchImage?image_id=3300" (specified by argument number 89)  	[MsgId: MMSG-26576]
Action.c(21): Downloading resource "https://advantageonlineshopping.com/catalog/fetchImage?image_id=3200" (specified by argument number 91)  	[MsgId: MMSG-26576]
Action.c(21): Downloading resource "https://advantageonlineshopping.com/catalog/fetchImage?image_id=3100" (specified by argument number 93)  	[MsgId: MMSG-26576]
Action.c(21): Downloading resource "https://advantageonlineshopping.com/css/images/category_banner_5.png" (specified by argument number 95)  	[MsgId: MMSG-26576]
Action.c(21): Downloading resource "https://advantageonlineshopping.com/catalog/fetchImage?image_id=5400" (specified by argument number 97)  	[MsgId: MMSG-26576]
Action.c(21): Downloading resource "https://advantageonlineshopping.com/catalog/fetchImage?image_id=5300" (specified by argument number 99)  	[MsgId: MMSG-26576]
Action.c(21): Downloading resource "https://advantageonlineshopping.com/catalog/fetchImage?image_id=5505" (specified by argument number 101)  	[MsgId: MMSG-26576]
Action.c(21): Downloading resource "https://advantageonlineshopping.com/catalog/fetchImage?image_id=5200" (specified by argument number 103)  	[MsgId: MMSG-26576]
Action.c(21): Downloading resource "https://advantageonlineshopping.com/catalog/fetchImage?image_id=5800" (specified by argument number 105)  	[MsgId: MMSG-26576]
Action.c(21): Downloading resource "https://advantageonlineshopping.com/catalog/fetchImage?image_id=5600" (specified by argument number 107)  	[MsgId: MMSG-26576]
Action.c(21): Downloading resource "https://advantageonlineshopping.com/catalog/fetchImage?image_id=5100" (specified by argument number 109)  	[MsgId: MMSG-26576]
Action.c(21): Downloading resource "https://advantageonlineshopping.com/catalog/fetchImage?image_id=5900" (specified by argument number 111)  	[MsgId: MMSG-26576]
Action.c(21): Downloading resource "https://advantageonlineshopping.com/catalog/fetchImage?image_id=5700" (specified by argument number 113)  	[MsgId: MMSG-26576]
Action.c(21): web_url("advantageonlineshopping.com") was successful, 3920580 body bytes, 20997 header bytes  	[MsgId: MMSG-26386]
Action.c(81): web_url("ALL") started  	[MsgId: MMSG-26355]
Action.c(81): web_url("ALL") was successful, 6541 body bytes, 375 header bytes  	[MsgId: MMSG-26386]
Action.c(90): web_custom_request("GetAccountConfigurationRequest") started  	[MsgId: MMSG-26355]
Action.c(90): web_custom_request("GetAccountConfigurationRequest") was successful, 823 body bytes, 735 header bytes  	[MsgId: MMSG-26386]
Action.c(102): web_add_cookie started  	[MsgId: MMSG-26355]
Action.c(102): web_add_cookie was successful  	[MsgId: MMSG-26392]
Action.c(104): web_add_cookie started  	[MsgId: MMSG-26355]
Action.c(104): web_add_cookie was successful  	[MsgId: MMSG-26392]
Action.c(106): web_add_cookie started  	[MsgId: MMSG-26355]
Action.c(106): web_add_cookie was successful  	[MsgId: MMSG-26392]
Action.c(108): web_add_cookie started  	[MsgId: MMSG-26355]
Action.c(108): web_add_cookie was successful  	[MsgId: MMSG-26392]
Action.c(110): web_url("categories") started  	[MsgId: MMSG-26355]
Action.c(110): web_url("categories") was successful, 4804 body bytes, 375 header bytes  	[MsgId: MMSG-26386]
Action.c(119): web_add_cookie started  	[MsgId: MMSG-26355]
Action.c(119): web_add_cookie was successful  	[MsgId: MMSG-26392]
Action.c(121): web_url("search") started  	[MsgId: MMSG-26355]
Action.c(121): web_url("search") was successful, 351 body bytes, 375 header bytes  	[MsgId: MMSG-26386]
Action.c(130): web_url("popularProducts.json") started  	[MsgId: MMSG-26355]
Action.c(130): web_url("popularProducts.json") was successful, 500 body bytes, 413 header bytes  	[MsgId: MMSG-26386]
Action.c(139): web_url("home-page.html") started  	[MsgId: MMSG-26355]
Action.c(139): Found resource "https://advantageonlineshopping.com/app/views/css/images/Special-offer.jpg" in HTML "https://advantageonlineshopping.com/app/views/home-page.html"  	[MsgId: MMSG-26659]
Action.c(139): Found resource "https://advantageonlineshopping.com/css/images/chat_logo.png" in HTML "https://advantageonlineshopping.com/app/views/home-page.html"  	[MsgId: MMSG-26659]
Action.c(139): Warning -26626: HTTP Status-Code=404 (Not Found) for "https://advantageonlineshopping.com/app/views/css/images/Special-offer.jpg"  	[MsgId: MWAR-26626]
Action.c(139): web_url("home-page.html") highest severity level was "warning", 5740 body bytes, 1114 header bytes  	[MsgId: MMSG-26388]
Action.c(148): web_set_sockets_option started  	[MsgId: MMSG-26355]
Action.c(148): web_set_sockets_option was successful  	[MsgId: MMSG-26392]
Action.c(152): Notify: Transaction "trx_Speakers" started.
Action.c(154): web_url("products") started  	[MsgId: MMSG-26355]
Action.c(154): web_url("products") was successful, 1980 body bytes, 375 header bytes  	[MsgId: MMSG-26386]
Action.c(163): web_url("attributes") started  	[MsgId: MMSG-26355]
Action.c(163): web_url("attributes") was successful, 552 body bytes, 375 header bytes  	[MsgId: MMSG-26386]
Action.c(172): web_url("category-page.html") started  	[MsgId: MMSG-26355]
Action.c(172): web_url("category-page.html") was successful, 741 body bytes, 361 header bytes  	[MsgId: MMSG-26386]
Action.c(181): web_set_sockets_option started  	[MsgId: MMSG-26355]
Action.c(181): web_set_sockets_option was successful  	[MsgId: MMSG-26392]
Action.c(183): Notify: Transaction "trx_Speakers" ended with a "Pass" status (Duration: 0.9197 Wasted Time: 0.0139).
Action.c(187): Notify: Transaction "trx_Speakers_Buy_Now" started.
Action.c(189): web_url("19") started  	[MsgId: MMSG-26355]
Action.c(189): web_url("19") was successful, 474 body bytes, 375 header bytes  	[MsgId: MMSG-26386]
Action.c(198): web_url("products_2") started  	[MsgId: MMSG-26355]
Action.c(198): web_url("products_2") was successful, 1975 body bytes, 375 header bytes  	[MsgId: MMSG-26386]
Action.c(207): web_url("product-page.html") started  	[MsgId: MMSG-26355]
Action.c(207): Found resource "https://advantageonlineshopping.com/css/images/review_right.png" in HTML "https://advantageonlineshopping.com/app/views/product-page.html"  	[MsgId: MMSG-26659]
Action.c(207): Found resource "https://advantageonlineshopping.com/css/images/reviewUser.png" in HTML "https://advantageonlineshopping.com/app/views/product-page.html"  	[MsgId: MMSG-26659]
Action.c(207): Found resource "https://advantageonlineshopping.com/css/images/review_Left_disabled.png" in HTML "https://advantageonlineshopping.com/app/views/product-page.html"  	[MsgId: MMSG-26659]
Action.c(207): web_url("product-page.html") was successful, 6064 body bytes, 1564 header bytes  	[MsgId: MMSG-26386]
Action.c(216): web_url("all_data") started  	[MsgId: MMSG-26355]
Action.c(216): web_url("all_data") was successful, 9312 body bytes, 375 header bytes  	[MsgId: MMSG-26386]
Action.c(225): Notify: Transaction "trx_Speakers_Buy_Now" ended with a "Pass" status (Duration: 1.8293 Wasted Time: 0.0261).
Action.c(227): Notify: Transaction "trx_Tablets" started.
Action.c(229): Notify: Transaction "trx_Tablets" ended with a "Pass" status (Duration: 0.0341).
Action.c(231): Notify: Transaction "trx_Mice" started.
Action.c(233): Notify: Transaction "trx_Mice" ended with a "Pass" status (Duration: 0.0340).
Ending action Action.
Ending iteration 1.
Ending Vuser...
Starting action vuser_end.
Ending action vuser_end.
Vuser Terminated.
